<?xml version="1.0" encoding="UTF-8"?>
<testsuite name="com.mediscreen.note.MediscreenNoteModelTest" tests="2" skipped="0" failures="0" errors="0" timestamp="2022-04-22T13:47:48" hostname="iMac-de-Admin.local" time="0.149">
  <properties/>
  <testcase name="setNoteTest()" classname="com.mediscreen.note.MediscreenNoteModelTest" time="0.144"/>
  <testcase name="getNoteTest()" classname="com.mediscreen.note.MediscreenNoteModelTest" time="0.003"/>
  <system-out><![CDATA[2022-04-22 15:47:48.252  INFO 1468 --- [    Test worker] .b.t.c.SpringBootTestContextBootstrapper : Neither @ContextConfiguration nor @ContextHierarchy found for test class [com.mediscreen.note.MediscreenNoteModelTest], using SpringBootContextLoader
2022-04-22 15:47:48.253  INFO 1468 --- [    Test worker] o.s.t.c.support.AbstractContextLoader    : Could not detect default resource locations for test class [com.mediscreen.note.MediscreenNoteModelTest]: no resource found for suffixes {-context.xml, Context.groovy}.
2022-04-22 15:47:48.253  INFO 1468 --- [    Test worker] t.c.s.AnnotationConfigContextLoaderUtils : Could not detect default configuration classes for test class [com.mediscreen.note.MediscreenNoteModelTest]: MediscreenNoteModelTest does not declare any static, non-private, non-final, nested classes annotated with @Configuration.
2022-04-22 15:47:48.255  INFO 1468 --- [    Test worker] .b.t.c.SpringBootTestContextBootstrapper : Found @SpringBootConfiguration com.mediscreen.note.MediscreenNoteApiApplication for test class com.mediscreen.note.MediscreenNoteModelTest
2022-04-22 15:47:48.257  INFO 1468 --- [    Test worker] .b.t.c.SpringBootTestContextBootstrapper : Loaded default TestExecutionListener class names from location [META-INF/spring.factories]: [org.springframework.boot.test.autoconfigure.restdocs.RestDocsTestExecutionListener, org.springframework.boot.test.autoconfigure.web.client.MockRestServiceServerResetTestExecutionListener, org.springframework.boot.test.autoconfigure.web.servlet.MockMvcPrintOnlyOnFailureTestExecutionListener, org.springframework.boot.test.autoconfigure.web.servlet.WebDriverTestExecutionListener, org.springframework.boot.test.autoconfigure.webservices.client.MockWebServiceServerTestExecutionListener, org.springframework.boot.test.mock.mockito.MockitoTestExecutionListener, org.springframework.boot.test.mock.mockito.ResetMocksTestExecutionListener, org.springframework.test.context.web.ServletTestExecutionListener, org.springframework.test.context.support.DirtiesContextBeforeModesTestExecutionListener, org.springframework.test.context.event.ApplicationEventsTestExecutionListener, org.springframework.test.context.support.DependencyInjectionTestExecutionListener, org.springframework.test.context.support.DirtiesContextTestExecutionListener, org.springframework.test.context.transaction.TransactionalTestExecutionListener, org.springframework.test.context.jdbc.SqlScriptsTestExecutionListener, org.springframework.test.context.event.EventPublishingTestExecutionListener]
2022-04-22 15:47:48.258  INFO 1468 --- [    Test worker] .b.t.c.SpringBootTestContextBootstrapper : Using TestExecutionListeners: [org.springframework.test.context.web.ServletTestExecutionListener@54873aa4, org.springframework.test.context.support.DirtiesContextBeforeModesTestExecutionListener@283beaba, org.springframework.test.context.event.ApplicationEventsTestExecutionListener@50370495, org.springframework.boot.test.mock.mockito.MockitoTestExecutionListener@33bc708, org.springframework.boot.test.autoconfigure.SpringBootDependencyInjectionTestExecutionListener@6e848fd1, org.springframework.test.context.support.DirtiesContextTestExecutionListener@191dc681, org.springframework.test.context.transaction.TransactionalTestExecutionListener@71e67a9b, org.springframework.test.context.jdbc.SqlScriptsTestExecutionListener@2c38e028, org.springframework.test.context.event.EventPublishingTestExecutionListener@66081879, org.springframework.boot.test.autoconfigure.restdocs.RestDocsTestExecutionListener@11d6e3f7, org.springframework.boot.test.autoconfigure.web.client.MockRestServiceServerResetTestExecutionListener@532671f4, org.springframework.boot.test.autoconfigure.web.servlet.MockMvcPrintOnlyOnFailureTestExecutionListener@38f4f218, org.springframework.boot.test.autoconfigure.web.servlet.WebDriverTestExecutionListener@1e99eeaf, org.springframework.boot.test.autoconfigure.webservices.client.MockWebServiceServerTestExecutionListener@38f66fd0, org.springframework.boot.test.mock.mockito.ResetMocksTestExecutionListener@58bf10eb]
]]></system-out>
  <system-err><![CDATA[]]></system-err>
</testsuite>
