<?xml version="1.0" encoding="UTF-8"?>
<testsuite name="com.mediscreen.note.MediscreenNoteApiApplicationTests" tests="1" skipped="0" failures="0" errors="0" timestamp="2022-04-22T13:47:41" hostname="iMac-de-Admin.local" time="0.652">
  <properties/>
  <testcase name="contextLoads()" classname="com.mediscreen.note.MediscreenNoteApiApplicationTests" time="0.652"/>
  <system-out><![CDATA[15:47:36.268 [Test worker] DEBUG org.springframework.test.context.BootstrapUtils - Instantiating CacheAwareContextLoaderDelegate from class [org.springframework.test.context.cache.DefaultCacheAwareContextLoaderDelegate]
15:47:36.311 [Test worker] DEBUG org.springframework.test.context.BootstrapUtils - Instantiating BootstrapContext using constructor [public org.springframework.test.context.support.DefaultBootstrapContext(java.lang.Class,org.springframework.test.context.CacheAwareContextLoaderDelegate)]
15:47:36.394 [Test worker] DEBUG org.springframework.test.context.BootstrapUtils - Instantiating TestContextBootstrapper for test class [com.mediscreen.note.MediscreenNoteApiApplicationTests] from class [org.springframework.boot.test.context.SpringBootTestContextBootstrapper]
15:47:36.414 [Test worker] INFO org.springframework.boot.test.context.SpringBootTestContextBootstrapper - Neither @ContextConfiguration nor @ContextHierarchy found for test class [com.mediscreen.note.MediscreenNoteApiApplicationTests], using SpringBootContextLoader
15:47:36.426 [Test worker] DEBUG org.springframework.test.context.support.AbstractContextLoader - Did not detect default resource location for test class [com.mediscreen.note.MediscreenNoteApiApplicationTests]: class path resource [com/mediscreen/note/MediscreenNoteApiApplicationTests-context.xml] does not exist
15:47:36.427 [Test worker] DEBUG org.springframework.test.context.support.AbstractContextLoader - Did not detect default resource location for test class [com.mediscreen.note.MediscreenNoteApiApplicationTests]: class path resource [com/mediscreen/note/MediscreenNoteApiApplicationTestsContext.groovy] does not exist
15:47:36.428 [Test worker] INFO org.springframework.test.context.support.AbstractContextLoader - Could not detect default resource locations for test class [com.mediscreen.note.MediscreenNoteApiApplicationTests]: no resource found for suffixes {-context.xml, Context.groovy}.
15:47:36.430 [Test worker] INFO org.springframework.test.context.support.AnnotationConfigContextLoaderUtils - Could not detect default configuration classes for test class [com.mediscreen.note.MediscreenNoteApiApplicationTests]: MediscreenNoteApiApplicationTests does not declare any static, non-private, non-final, nested classes annotated with @Configuration.
15:47:36.513 [Test worker] DEBUG org.springframework.test.context.support.ActiveProfilesUtils - Could not find an 'annotation declaring class' for annotation type [org.springframework.test.context.ActiveProfiles] and class [com.mediscreen.note.MediscreenNoteApiApplicationTests]
15:47:36.667 [Test worker] DEBUG org.springframework.context.annotation.ClassPathScanningCandidateComponentProvider - Identified candidate component class: file [/Users/mac/Desktop/OC/eclipse-workplace/MediscreenNoteAPI/build/classes/java/main/com/mediscreen/note/MediscreenNoteApiApplication.class]
15:47:36.672 [Test worker] INFO org.springframework.boot.test.context.SpringBootTestContextBootstrapper - Found @SpringBootConfiguration com.mediscreen.note.MediscreenNoteApiApplication for test class com.mediscreen.note.MediscreenNoteApiApplicationTests
15:47:36.885 [Test worker] DEBUG org.springframework.boot.test.context.SpringBootTestContextBootstrapper - @TestExecutionListeners is not present for class [com.mediscreen.note.MediscreenNoteApiApplicationTests]: using defaults.
15:47:36.886 [Test worker] INFO org.springframework.boot.test.context.SpringBootTestContextBootstrapper - Loaded default TestExecutionListener class names from location [META-INF/spring.factories]: [org.springframework.boot.test.autoconfigure.restdocs.RestDocsTestExecutionListener, org.springframework.boot.test.autoconfigure.web.client.MockRestServiceServerResetTestExecutionListener, org.springframework.boot.test.autoconfigure.web.servlet.MockMvcPrintOnlyOnFailureTestExecutionListener, org.springframework.boot.test.autoconfigure.web.servlet.WebDriverTestExecutionListener, org.springframework.boot.test.autoconfigure.webservices.client.MockWebServiceServerTestExecutionListener, org.springframework.boot.test.mock.mockito.MockitoTestExecutionListener, org.springframework.boot.test.mock.mockito.ResetMocksTestExecutionListener, org.springframework.test.context.web.ServletTestExecutionListener, org.springframework.test.context.support.DirtiesContextBeforeModesTestExecutionListener, org.springframework.test.context.event.ApplicationEventsTestExecutionListener, org.springframework.test.context.support.DependencyInjectionTestExecutionListener, org.springframework.test.context.support.DirtiesContextTestExecutionListener, org.springframework.test.context.transaction.TransactionalTestExecutionListener, org.springframework.test.context.jdbc.SqlScriptsTestExecutionListener, org.springframework.test.context.event.EventPublishingTestExecutionListener]
15:47:36.920 [Test worker] INFO org.springframework.boot.test.context.SpringBootTestContextBootstrapper - Using TestExecutionListeners: [org.springframework.test.context.web.ServletTestExecutionListener@14fe085b, org.springframework.test.context.support.DirtiesContextBeforeModesTestExecutionListener@1ea19c97, org.springframework.test.context.event.ApplicationEventsTestExecutionListener@525b9df4, org.springframework.boot.test.mock.mockito.MockitoTestExecutionListener@52dd1be2, org.springframework.boot.test.autoconfigure.SpringBootDependencyInjectionTestExecutionListener@36857d32, org.springframework.test.context.support.DirtiesContextTestExecutionListener@24520a51, org.springframework.test.context.transaction.TransactionalTestExecutionListener@2ae88712, org.springframework.test.context.jdbc.SqlScriptsTestExecutionListener@10508ba6, org.springframework.test.context.event.EventPublishingTestExecutionListener@da11873, org.springframework.boot.test.autoconfigure.restdocs.RestDocsTestExecutionListener@39159b14, org.springframework.boot.test.autoconfigure.web.client.MockRestServiceServerResetTestExecutionListener@57ab4b33, org.springframework.boot.test.autoconfigure.web.servlet.MockMvcPrintOnlyOnFailureTestExecutionListener@43b2e7db, org.springframework.boot.test.autoconfigure.web.servlet.WebDriverTestExecutionListener@46d51d5e, org.springframework.boot.test.autoconfigure.webservices.client.MockWebServiceServerTestExecutionListener@530df3ab, org.springframework.boot.test.mock.mockito.ResetMocksTestExecutionListener@5e72c82a]
15:47:36.927 [Test worker] DEBUG org.springframework.test.context.support.AbstractDirtiesContextTestExecutionListener - Before test class: context [DefaultTestContext@20a25f66 testClass = MediscreenNoteApiApplicationTests, testInstance = [null], testMethod = [null], testException = [null], mergedContextConfiguration = [WebMergedContextConfiguration@488279d3 testClass = MediscreenNoteApiApplicationTests, locations = '{}', classes = '{class com.mediscreen.note.MediscreenNoteApiApplication}', contextInitializerClasses = '[]', activeProfiles = '{}', propertySourceLocations = '{}', propertySourceProperties = '{org.springframework.boot.test.context.SpringBootTestContextBootstrapper=true}', contextCustomizers = set[org.springframework.boot.test.autoconfigure.actuate.metrics.MetricsExportContextCustomizerFactory$DisableMetricExportContextCustomizer@11d2714a, org.springframework.boot.test.autoconfigure.properties.PropertyMappingContextCustomizer@0, org.springframework.boot.test.autoconfigure.web.servlet.WebDriverContextCustomizerFactory$Customizer@49cb5030, org.springframework.boot.test.context.filter.ExcludeFilterContextCustomizer@23afc725, org.springframework.boot.test.json.DuplicateJsonObjectContextCustomizerFactory$DuplicateJsonObjectContextCustomizer@5a06904, org.springframework.boot.test.mock.mockito.MockitoContextCustomizer@0, org.springframework.boot.test.web.client.TestRestTemplateContextCustomizer@6aad919c, org.springframework.boot.test.context.SpringBootTestArgs@1, org.springframework.boot.test.context.SpringBootTestWebEnvironment@1d540566], resourceBasePath = 'src/main/webapp', contextLoader = 'org.springframework.boot.test.context.SpringBootContextLoader', parent = [null]], attributes = map['org.springframework.test.context.web.ServletTestExecutionListener.activateListener' -> true]], class annotated with @DirtiesContext [false] with mode [null].

  .   ____          _            __ _ _
 /\\ / ___'_ __ _ _(_)_ __  __ _ \ \ \ \
( ( )\___ | '_ | '_| | '_ \/ _` | \ \ \ \
 \\/  ___)| |_)| | | | | || (_| |  ) ) ) )
  '  |____| .__|_| |_|_| |_\__, | / / / /
 =========|_|==============|___/=/_/_/_/
 :: Spring Boot ::                (v2.6.3)

2022-04-22 15:47:37.602  INFO 1468 --- [    Test worker] c.m.n.MediscreenNoteApiApplicationTests  : Starting MediscreenNoteApiApplicationTests using Java 11.0.9.1 on iMac-de-Admin.local with PID 1468 (started by mac in /Users/mac/Desktop/OC/eclipse-workplace/MediscreenNoteAPI)
2022-04-22 15:47:37.607  INFO 1468 --- [    Test worker] c.m.n.MediscreenNoteApiApplicationTests  : No active profile set, falling back to default profiles: default
2022-04-22 15:47:38.737  INFO 1468 --- [    Test worker] .s.d.r.c.RepositoryConfigurationDelegate : Bootstrapping Spring Data MongoDB repositories in DEFAULT mode.
2022-04-22 15:47:38.809  INFO 1468 --- [    Test worker] .s.d.r.c.RepositoryConfigurationDelegate : Finished Spring Data repository scanning in 64 ms. Found 1 MongoDB repository interfaces.
2022-04-22 15:47:39.543  INFO 1468 --- [    Test worker] org.mongodb.driver.cluster               : Cluster created with settings {hosts=[localhost:27017], mode=SINGLE, requiredClusterType=UNKNOWN, serverSelectionTimeout='30000 ms'}
2022-04-22 15:47:39.748  INFO 1468 --- [localhost:27017] org.mongodb.driver.connection            : Opened connection [connectionId{localValue:2, serverValue:43}] to localhost:27017
2022-04-22 15:47:39.749  INFO 1468 --- [localhost:27017] org.mongodb.driver.connection            : Opened connection [connectionId{localValue:1, serverValue:42}] to localhost:27017
2022-04-22 15:47:39.750  INFO 1468 --- [localhost:27017] org.mongodb.driver.cluster               : Monitor thread successfully connected to server with description ServerDescription{address=localhost:27017, type=STANDALONE, state=CONNECTED, ok=true, minWireVersion=0, maxWireVersion=7, maxDocumentSize=16777216, logicalSessionTimeoutMinutes=30, roundTripTimeNanos=64445295}
2022-04-22 15:47:41.322  INFO 1468 --- [    Test worker] c.m.n.MediscreenNoteApiApplicationTests  : Started MediscreenNoteApiApplicationTests in 4.296 seconds (JVM running for 11.733)
]]></system-out>
  <system-err><![CDATA[]]></system-err>
</testsuite>
