<?xml version="1.0" encoding="UTF-8"?>
<testsuite name="com.mediscreen.note.MediscreenNoteServiceTest" tests="1" skipped="0" failures="0" errors="0" timestamp="2022-04-22T13:47:48" hostname="iMac-de-Admin.local" time="0.308">
  <properties/>
  <testcase name="noteServiceTest()" classname="com.mediscreen.note.MediscreenNoteServiceTest" time="0.308"/>
  <system-out><![CDATA[2022-04-22 15:47:48.414  INFO 1468 --- [    Test worker] .b.t.c.SpringBootTestContextBootstrapper : Neither @ContextConfiguration nor @ContextHierarchy found for test class [com.mediscreen.note.MediscreenNoteServiceTest], using SpringBootContextLoader
2022-04-22 15:47:48.415  INFO 1468 --- [    Test worker] o.s.t.c.support.AbstractContextLoader    : Could not detect default resource locations for test class [com.mediscreen.note.MediscreenNoteServiceTest]: no resource found for suffixes {-context.xml, Context.groovy}.
2022-04-22 15:47:48.416  INFO 1468 --- [    Test worker] t.c.s.AnnotationConfigContextLoaderUtils : Could not detect default configuration classes for test class [com.mediscreen.note.MediscreenNoteServiceTest]: MediscreenNoteServiceTest does not declare any static, non-private, non-final, nested classes annotated with @Configuration.
2022-04-22 15:47:48.417  INFO 1468 --- [    Test worker] .b.t.c.SpringBootTestContextBootstrapper : Found @SpringBootConfiguration com.mediscreen.note.MediscreenNoteApiApplication for test class com.mediscreen.note.MediscreenNoteServiceTest
2022-04-22 15:47:48.419  INFO 1468 --- [    Test worker] .b.t.c.SpringBootTestContextBootstrapper : Loaded default TestExecutionListener class names from location [META-INF/spring.factories]: [org.springframework.boot.test.autoconfigure.restdocs.RestDocsTestExecutionListener, org.springframework.boot.test.autoconfigure.web.client.MockRestServiceServerResetTestExecutionListener, org.springframework.boot.test.autoconfigure.web.servlet.MockMvcPrintOnlyOnFailureTestExecutionListener, org.springframework.boot.test.autoconfigure.web.servlet.WebDriverTestExecutionListener, org.springframework.boot.test.autoconfigure.webservices.client.MockWebServiceServerTestExecutionListener, org.springframework.boot.test.mock.mockito.MockitoTestExecutionListener, org.springframework.boot.test.mock.mockito.ResetMocksTestExecutionListener, org.springframework.test.context.web.ServletTestExecutionListener, org.springframework.test.context.support.DirtiesContextBeforeModesTestExecutionListener, org.springframework.test.context.event.ApplicationEventsTestExecutionListener, org.springframework.test.context.support.DependencyInjectionTestExecutionListener, org.springframework.test.context.support.DirtiesContextTestExecutionListener, org.springframework.test.context.transaction.TransactionalTestExecutionListener, org.springframework.test.context.jdbc.SqlScriptsTestExecutionListener, org.springframework.test.context.event.EventPublishingTestExecutionListener]
2022-04-22 15:47:48.420  INFO 1468 --- [    Test worker] .b.t.c.SpringBootTestContextBootstrapper : Using TestExecutionListeners: [org.springframework.test.context.web.ServletTestExecutionListener@23e8b346, org.springframework.test.context.support.DirtiesContextBeforeModesTestExecutionListener@611f4707, org.springframework.test.context.event.ApplicationEventsTestExecutionListener@3ab4919e, org.springframework.boot.test.mock.mockito.MockitoTestExecutionListener@78546589, org.springframework.boot.test.autoconfigure.SpringBootDependencyInjectionTestExecutionListener@1e408b46, org.springframework.test.context.support.DirtiesContextTestExecutionListener@5fcc0f6, org.springframework.test.context.transaction.TransactionalTestExecutionListener@1bda99b6, org.springframework.test.context.jdbc.SqlScriptsTestExecutionListener@40f9cf69, org.springframework.test.context.event.EventPublishingTestExecutionListener@5a79668b, org.springframework.boot.test.autoconfigure.restdocs.RestDocsTestExecutionListener@3961f642, org.springframework.boot.test.autoconfigure.web.client.MockRestServiceServerResetTestExecutionListener@76b9cff1, org.springframework.boot.test.autoconfigure.web.servlet.MockMvcPrintOnlyOnFailureTestExecutionListener@78b5d4c8, org.springframework.boot.test.autoconfigure.web.servlet.WebDriverTestExecutionListener@69e9a86b, org.springframework.boot.test.autoconfigure.webservices.client.MockWebServiceServerTestExecutionListener@5f0c90f2, org.springframework.boot.test.mock.mockito.ResetMocksTestExecutionListener@67f21aa5]
2022-04-22 15:47:48.575  INFO 1468 --- [    Test worker] org.mongodb.driver.connection            : Opened connection [connectionId{localValue:3, serverValue:44}] to localhost:27017
]]></system-out>
  <system-err><![CDATA[]]></system-err>
</testsuite>
