<?xml version="1.0" encoding="UTF-8"?>
<testsuite name="com.mediscreen.note.MediscreenNoteControllerTest" tests="5" skipped="0" failures="0" errors="0" timestamp="2022-04-14T09:15:47" hostname="iMac-de-Admin.local" time="0.289">
  <properties/>
  <testcase name="testGetNotes()" classname="com.mediscreen.note.MediscreenNoteControllerTest" time="0.122"/>
  <testcase name="testGetNote()" classname="com.mediscreen.note.MediscreenNoteControllerTest" time="0.068"/>
  <testcase name="testGetPatientNotes()" classname="com.mediscreen.note.MediscreenNoteControllerTest" time="0.008"/>
  <testcase name="testDeleteNote()" classname="com.mediscreen.note.MediscreenNoteControllerTest" time="0.008"/>
  <testcase name="testCreate()" classname="com.mediscreen.note.MediscreenNoteControllerTest" time="0.075"/>
  <system-out><![CDATA[2022-04-14 11:15:42.152  INFO 1525 --- [    Test worker] .b.t.a.w.s.WebMvcTestContextBootstrapper : Neither @ContextConfiguration nor @ContextHierarchy found for test class [com.mediscreen.note.MediscreenNoteControllerTest], using SpringBootContextLoader
2022-04-14 11:15:42.153  INFO 1525 --- [    Test worker] o.s.t.c.support.AbstractContextLoader    : Could not detect default resource locations for test class [com.mediscreen.note.MediscreenNoteControllerTest]: no resource found for suffixes {-context.xml, Context.groovy}.
2022-04-14 11:15:42.153  INFO 1525 --- [    Test worker] t.c.s.AnnotationConfigContextLoaderUtils : Could not detect default configuration classes for test class [com.mediscreen.note.MediscreenNoteControllerTest]: MediscreenNoteControllerTest does not declare any static, non-private, non-final, nested classes annotated with @Configuration.
2022-04-14 11:15:42.172  INFO 1525 --- [    Test worker] .b.t.c.SpringBootTestContextBootstrapper : Found @SpringBootConfiguration com.mediscreen.note.MediscreenNoteApiApplication for test class com.mediscreen.note.MediscreenNoteControllerTest
2022-04-14 11:15:42.174  INFO 1525 --- [    Test worker] .b.t.a.w.s.WebMvcTestContextBootstrapper : Loaded default TestExecutionListener class names from location [META-INF/spring.factories]: [org.springframework.boot.test.autoconfigure.restdocs.RestDocsTestExecutionListener, org.springframework.boot.test.autoconfigure.web.client.MockRestServiceServerResetTestExecutionListener, org.springframework.boot.test.autoconfigure.web.servlet.MockMvcPrintOnlyOnFailureTestExecutionListener, org.springframework.boot.test.autoconfigure.web.servlet.WebDriverTestExecutionListener, org.springframework.boot.test.autoconfigure.webservices.client.MockWebServiceServerTestExecutionListener, org.springframework.boot.test.mock.mockito.MockitoTestExecutionListener, org.springframework.boot.test.mock.mockito.ResetMocksTestExecutionListener, org.springframework.test.context.web.ServletTestExecutionListener, org.springframework.test.context.support.DirtiesContextBeforeModesTestExecutionListener, org.springframework.test.context.event.ApplicationEventsTestExecutionListener, org.springframework.test.context.support.DependencyInjectionTestExecutionListener, org.springframework.test.context.support.DirtiesContextTestExecutionListener, org.springframework.test.context.transaction.TransactionalTestExecutionListener, org.springframework.test.context.jdbc.SqlScriptsTestExecutionListener, org.springframework.test.context.event.EventPublishingTestExecutionListener]
2022-04-14 11:15:42.174  INFO 1525 --- [    Test worker] .b.t.a.w.s.WebMvcTestContextBootstrapper : Using TestExecutionListeners: [org.springframework.test.context.web.ServletTestExecutionListener@7cb59716, org.springframework.test.context.support.DirtiesContextBeforeModesTestExecutionListener@7b161320, org.springframework.test.context.event.ApplicationEventsTestExecutionListener@314f3000, org.springframework.boot.test.mock.mockito.MockitoTestExecutionListener@739bbc14, org.springframework.boot.test.autoconfigure.SpringBootDependencyInjectionTestExecutionListener@23c69856, org.springframework.test.context.support.DirtiesContextTestExecutionListener@6882001d, org.springframework.test.context.transaction.TransactionalTestExecutionListener@2005e23d, org.springframework.test.context.jdbc.SqlScriptsTestExecutionListener@ed09135, org.springframework.test.context.event.EventPublishingTestExecutionListener@19c3bc91, org.springframework.boot.test.autoconfigure.restdocs.RestDocsTestExecutionListener@61b9d55c, org.springframework.boot.test.autoconfigure.web.client.MockRestServiceServerResetTestExecutionListener@6e22d75c, org.springframework.boot.test.autoconfigure.web.servlet.MockMvcPrintOnlyOnFailureTestExecutionListener@64f1ba94, org.springframework.boot.test.autoconfigure.web.servlet.WebDriverTestExecutionListener@60d2b5af, org.springframework.boot.test.autoconfigure.webservices.client.MockWebServiceServerTestExecutionListener@4fee8fdc, org.springframework.boot.test.mock.mockito.ResetMocksTestExecutionListener@370e394a]

  .   ____          _            __ _ _
 /\\ / ___'_ __ _ _(_)_ __  __ _ \ \ \ \
( ( )\___ | '_ | '_| | '_ \/ _` | \ \ \ \
 \\/  ___)| |_)| | | | | || (_| |  ) ) ) )
  '  |____| .__|_| |_|_| |_\__, | / / / /
 =========|_|==============|___/=/_/_/_/
 :: Spring Boot ::                (v2.6.3)

2022-04-14 11:15:47.222  INFO 1525 --- [    Test worker] c.m.note.MediscreenNoteControllerTest    : Starting MediscreenNoteControllerTest using Java 11.0.9.1 on iMac-de-Admin.local with PID 1525 (started by mac in /Users/mac/Desktop/OC/eclipse-workplace/MediscreenNoteAPI)
2022-04-14 11:15:47.222  INFO 1525 --- [    Test worker] c.m.note.MediscreenNoteControllerTest    : No active profile set, falling back to default profiles: default
2022-04-14 11:15:47.886  INFO 1525 --- [    Test worker] o.s.b.t.m.w.SpringBootMockServletContext : Initializing Spring TestDispatcherServlet ''
2022-04-14 11:15:47.887  INFO 1525 --- [    Test worker] o.s.t.web.servlet.TestDispatcherServlet  : Initializing Servlet ''
2022-04-14 11:15:47.888  INFO 1525 --- [    Test worker] o.s.t.web.servlet.TestDispatcherServlet  : Completed initialization in 1 ms
2022-04-14 11:15:47.906  INFO 1525 --- [    Test worker] c.m.note.MediscreenNoteControllerTest    : Started MediscreenNoteControllerTest in 5.727 seconds (JVM running for 18.075)
]]></system-out>
  <system-err><![CDATA[]]></system-err>
</testsuite>
