<?xml version="1.0" encoding="UTF-8"?>
<testsuite name="com.mediscreen.note.MediscreenNoteModelTest" tests="2" skipped="0" failures="0" errors="0" timestamp="2022-04-14T09:15:48" hostname="iMac-de-Admin.local" time="0.129">
  <properties/>
  <testcase name="setNoteTest()" classname="com.mediscreen.note.MediscreenNoteModelTest" time="0.123"/>
  <testcase name="getNoteTest()" classname="com.mediscreen.note.MediscreenNoteModelTest" time="0.004"/>
  <system-out><![CDATA[2022-04-14 11:15:48.206  INFO 1525 --- [    Test worker] .b.t.c.SpringBootTestContextBootstrapper : Neither @ContextConfiguration nor @ContextHierarchy found for test class [com.mediscreen.note.MediscreenNoteModelTest], using SpringBootContextLoader
2022-04-14 11:15:48.208  INFO 1525 --- [    Test worker] o.s.t.c.support.AbstractContextLoader    : Could not detect default resource locations for test class [com.mediscreen.note.MediscreenNoteModelTest]: no resource found for suffixes {-context.xml, Context.groovy}.
2022-04-14 11:15:48.209  INFO 1525 --- [    Test worker] t.c.s.AnnotationConfigContextLoaderUtils : Could not detect default configuration classes for test class [com.mediscreen.note.MediscreenNoteModelTest]: MediscreenNoteModelTest does not declare any static, non-private, non-final, nested classes annotated with @Configuration.
2022-04-14 11:15:48.210  INFO 1525 --- [    Test worker] .b.t.c.SpringBootTestContextBootstrapper : Found @SpringBootConfiguration com.mediscreen.note.MediscreenNoteApiApplication for test class com.mediscreen.note.MediscreenNoteModelTest
2022-04-14 11:15:48.213  INFO 1525 --- [    Test worker] .b.t.c.SpringBootTestContextBootstrapper : Loaded default TestExecutionListener class names from location [META-INF/spring.factories]: [org.springframework.boot.test.autoconfigure.restdocs.RestDocsTestExecutionListener, org.springframework.boot.test.autoconfigure.web.client.MockRestServiceServerResetTestExecutionListener, org.springframework.boot.test.autoconfigure.web.servlet.MockMvcPrintOnlyOnFailureTestExecutionListener, org.springframework.boot.test.autoconfigure.web.servlet.WebDriverTestExecutionListener, org.springframework.boot.test.autoconfigure.webservices.client.MockWebServiceServerTestExecutionListener, org.springframework.boot.test.mock.mockito.MockitoTestExecutionListener, org.springframework.boot.test.mock.mockito.ResetMocksTestExecutionListener, org.springframework.test.context.web.ServletTestExecutionListener, org.springframework.test.context.support.DirtiesContextBeforeModesTestExecutionListener, org.springframework.test.context.event.ApplicationEventsTestExecutionListener, org.springframework.test.context.support.DependencyInjectionTestExecutionListener, org.springframework.test.context.support.DirtiesContextTestExecutionListener, org.springframework.test.context.transaction.TransactionalTestExecutionListener, org.springframework.test.context.jdbc.SqlScriptsTestExecutionListener, org.springframework.test.context.event.EventPublishingTestExecutionListener]
2022-04-14 11:15:48.214  INFO 1525 --- [    Test worker] .b.t.c.SpringBootTestContextBootstrapper : Using TestExecutionListeners: [org.springframework.test.context.web.ServletTestExecutionListener@337fab9c, org.springframework.test.context.support.DirtiesContextBeforeModesTestExecutionListener@17af85c3, org.springframework.test.context.event.ApplicationEventsTestExecutionListener@6d13d34f, org.springframework.boot.test.mock.mockito.MockitoTestExecutionListener@70540307, org.springframework.boot.test.autoconfigure.SpringBootDependencyInjectionTestExecutionListener@3e3975da, org.springframework.test.context.support.DirtiesContextTestExecutionListener@55537e43, org.springframework.test.context.transaction.TransactionalTestExecutionListener@26a9560d, org.springframework.test.context.jdbc.SqlScriptsTestExecutionListener@76b525e4, org.springframework.test.context.event.EventPublishingTestExecutionListener@357194d, org.springframework.boot.test.autoconfigure.restdocs.RestDocsTestExecutionListener@4d38de02, org.springframework.boot.test.autoconfigure.web.client.MockRestServiceServerResetTestExecutionListener@214de096, org.springframework.boot.test.autoconfigure.web.servlet.MockMvcPrintOnlyOnFailureTestExecutionListener@7e086b5e, org.springframework.boot.test.autoconfigure.web.servlet.WebDriverTestExecutionListener@452e88a3, org.springframework.boot.test.autoconfigure.webservices.client.MockWebServiceServerTestExecutionListener@4eed96ca, org.springframework.boot.test.mock.mockito.ResetMocksTestExecutionListener@6a96d1]
]]></system-out>
  <system-err><![CDATA[]]></system-err>
</testsuite>
