<?xml version="1.0" encoding="UTF-8"?>
<testsuite name="com.mediscreen.note.MediscreenNoteApiApplicationTests" tests="1" skipped="0" failures="0" errors="0" timestamp="2022-04-14T09:15:41" hostname="iMac-de-Admin.local" time="0.537">
  <properties/>
  <testcase name="contextLoads()" classname="com.mediscreen.note.MediscreenNoteApiApplicationTests" time="0.537"/>
  <system-out><![CDATA[11:15:36.628 [Test worker] DEBUG org.springframework.test.context.BootstrapUtils - Instantiating CacheAwareContextLoaderDelegate from class [org.springframework.test.context.cache.DefaultCacheAwareContextLoaderDelegate]
11:15:36.656 [Test worker] DEBUG org.springframework.test.context.BootstrapUtils - Instantiating BootstrapContext using constructor [public org.springframework.test.context.support.DefaultBootstrapContext(java.lang.Class,org.springframework.test.context.CacheAwareContextLoaderDelegate)]
11:15:36.741 [Test worker] DEBUG org.springframework.test.context.BootstrapUtils - Instantiating TestContextBootstrapper for test class [com.mediscreen.note.MediscreenNoteApiApplicationTests] from class [org.springframework.boot.test.context.SpringBootTestContextBootstrapper]
11:15:36.763 [Test worker] INFO org.springframework.boot.test.context.SpringBootTestContextBootstrapper - Neither @ContextConfiguration nor @ContextHierarchy found for test class [com.mediscreen.note.MediscreenNoteApiApplicationTests], using SpringBootContextLoader
11:15:36.772 [Test worker] DEBUG org.springframework.test.context.support.AbstractContextLoader - Did not detect default resource location for test class [com.mediscreen.note.MediscreenNoteApiApplicationTests]: class path resource [com/mediscreen/note/MediscreenNoteApiApplicationTests-context.xml] does not exist
11:15:36.773 [Test worker] DEBUG org.springframework.test.context.support.AbstractContextLoader - Did not detect default resource location for test class [com.mediscreen.note.MediscreenNoteApiApplicationTests]: class path resource [com/mediscreen/note/MediscreenNoteApiApplicationTestsContext.groovy] does not exist
11:15:36.773 [Test worker] INFO org.springframework.test.context.support.AbstractContextLoader - Could not detect default resource locations for test class [com.mediscreen.note.MediscreenNoteApiApplicationTests]: no resource found for suffixes {-context.xml, Context.groovy}.
11:15:36.775 [Test worker] INFO org.springframework.test.context.support.AnnotationConfigContextLoaderUtils - Could not detect default configuration classes for test class [com.mediscreen.note.MediscreenNoteApiApplicationTests]: MediscreenNoteApiApplicationTests does not declare any static, non-private, non-final, nested classes annotated with @Configuration.
11:15:36.856 [Test worker] DEBUG org.springframework.test.context.support.ActiveProfilesUtils - Could not find an 'annotation declaring class' for annotation type [org.springframework.test.context.ActiveProfiles] and class [com.mediscreen.note.MediscreenNoteApiApplicationTests]
11:15:37.000 [Test worker] DEBUG org.springframework.context.annotation.ClassPathScanningCandidateComponentProvider - Identified candidate component class: file [/Users/mac/Desktop/OC/eclipse-workplace/MediscreenNoteAPI/build/classes/java/main/com/mediscreen/note/MediscreenNoteApiApplication.class]
11:15:37.002 [Test worker] INFO org.springframework.boot.test.context.SpringBootTestContextBootstrapper - Found @SpringBootConfiguration com.mediscreen.note.MediscreenNoteApiApplication for test class com.mediscreen.note.MediscreenNoteApiApplicationTests
11:15:37.211 [Test worker] DEBUG org.springframework.boot.test.context.SpringBootTestContextBootstrapper - @TestExecutionListeners is not present for class [com.mediscreen.note.MediscreenNoteApiApplicationTests]: using defaults.
11:15:37.212 [Test worker] INFO org.springframework.boot.test.context.SpringBootTestContextBootstrapper - Loaded default TestExecutionListener class names from location [META-INF/spring.factories]: [org.springframework.boot.test.autoconfigure.restdocs.RestDocsTestExecutionListener, org.springframework.boot.test.autoconfigure.web.client.MockRestServiceServerResetTestExecutionListener, org.springframework.boot.test.autoconfigure.web.servlet.MockMvcPrintOnlyOnFailureTestExecutionListener, org.springframework.boot.test.autoconfigure.web.servlet.WebDriverTestExecutionListener, org.springframework.boot.test.autoconfigure.webservices.client.MockWebServiceServerTestExecutionListener, org.springframework.boot.test.mock.mockito.MockitoTestExecutionListener, org.springframework.boot.test.mock.mockito.ResetMocksTestExecutionListener, org.springframework.test.context.web.ServletTestExecutionListener, org.springframework.test.context.support.DirtiesContextBeforeModesTestExecutionListener, org.springframework.test.context.event.ApplicationEventsTestExecutionListener, org.springframework.test.context.support.DependencyInjectionTestExecutionListener, org.springframework.test.context.support.DirtiesContextTestExecutionListener, org.springframework.test.context.transaction.TransactionalTestExecutionListener, org.springframework.test.context.jdbc.SqlScriptsTestExecutionListener, org.springframework.test.context.event.EventPublishingTestExecutionListener]
11:15:37.275 [Test worker] INFO org.springframework.boot.test.context.SpringBootTestContextBootstrapper - Using TestExecutionListeners: [org.springframework.test.context.web.ServletTestExecutionListener@dbcf7c3, org.springframework.test.context.support.DirtiesContextBeforeModesTestExecutionListener@1e466d, org.springframework.test.context.event.ApplicationEventsTestExecutionListener@63243c8f, org.springframework.boot.test.mock.mockito.MockitoTestExecutionListener@2ea4e762, org.springframework.boot.test.autoconfigure.SpringBootDependencyInjectionTestExecutionListener@444c0f9a, org.springframework.test.context.support.DirtiesContextTestExecutionListener@36931450, org.springframework.test.context.transaction.TransactionalTestExecutionListener@74919649, org.springframework.test.context.jdbc.SqlScriptsTestExecutionListener@7d07e04e, org.springframework.test.context.event.EventPublishingTestExecutionListener@599310ab, org.springframework.boot.test.autoconfigure.restdocs.RestDocsTestExecutionListener@770cbe5d, org.springframework.boot.test.autoconfigure.web.client.MockRestServiceServerResetTestExecutionListener@f575d2b, org.springframework.boot.test.autoconfigure.web.servlet.MockMvcPrintOnlyOnFailureTestExecutionListener@4d90d91f, org.springframework.boot.test.autoconfigure.web.servlet.WebDriverTestExecutionListener@c478e4e, org.springframework.boot.test.autoconfigure.webservices.client.MockWebServiceServerTestExecutionListener@1e2b37cd, org.springframework.boot.test.mock.mockito.ResetMocksTestExecutionListener@2ba08f26]
11:15:37.283 [Test worker] DEBUG org.springframework.test.context.support.AbstractDirtiesContextTestExecutionListener - Before test class: context [DefaultTestContext@61b76a7d testClass = MediscreenNoteApiApplicationTests, testInstance = [null], testMethod = [null], testException = [null], mergedContextConfiguration = [WebMergedContextConfiguration@57f89680 testClass = MediscreenNoteApiApplicationTests, locations = '{}', classes = '{class com.mediscreen.note.MediscreenNoteApiApplication}', contextInitializerClasses = '[]', activeProfiles = '{}', propertySourceLocations = '{}', propertySourceProperties = '{org.springframework.boot.test.context.SpringBootTestContextBootstrapper=true}', contextCustomizers = set[org.springframework.boot.test.autoconfigure.actuate.metrics.MetricsExportContextCustomizerFactory$DisableMetricExportContextCustomizer@3d4ecc67, org.springframework.boot.test.autoconfigure.properties.PropertyMappingContextCustomizer@0, org.springframework.boot.test.autoconfigure.web.servlet.WebDriverContextCustomizerFactory$Customizer@227a933d, org.springframework.boot.test.context.filter.ExcludeFilterContextCustomizer@2a0963be, org.springframework.boot.test.json.DuplicateJsonObjectContextCustomizerFactory$DuplicateJsonObjectContextCustomizer@1934339, org.springframework.boot.test.mock.mockito.MockitoContextCustomizer@0, org.springframework.boot.test.web.client.TestRestTemplateContextCustomizer@4c2ab536, org.springframework.boot.test.context.SpringBootTestArgs@1, org.springframework.boot.test.context.SpringBootTestWebEnvironment@31ff6309], resourceBasePath = 'src/main/webapp', contextLoader = 'org.springframework.boot.test.context.SpringBootContextLoader', parent = [null]], attributes = map['org.springframework.test.context.web.ServletTestExecutionListener.activateListener' -> true]], class annotated with @DirtiesContext [false] with mode [null].

  .   ____          _            __ _ _
 /\\ / ___'_ __ _ _(_)_ __  __ _ \ \ \ \
( ( )\___ | '_ | '_| | '_ \/ _` | \ \ \ \
 \\/  ___)| |_)| | | | | || (_| |  ) ) ) )
  '  |____| .__|_| |_|_| |_\__, | / / / /
 =========|_|==============|___/=/_/_/_/
 :: Spring Boot ::                (v2.6.3)

2022-04-14 11:15:37.928  INFO 1525 --- [    Test worker] c.m.n.MediscreenNoteApiApplicationTests  : Starting MediscreenNoteApiApplicationTests using Java 11.0.9.1 on iMac-de-Admin.local with PID 1525 (started by mac in /Users/mac/Desktop/OC/eclipse-workplace/MediscreenNoteAPI)
2022-04-14 11:15:37.929  INFO 1525 --- [    Test worker] c.m.n.MediscreenNoteApiApplicationTests  : No active profile set, falling back to default profiles: default
2022-04-14 11:15:38.906  INFO 1525 --- [    Test worker] .s.d.r.c.RepositoryConfigurationDelegate : Bootstrapping Spring Data MongoDB repositories in DEFAULT mode.
2022-04-14 11:15:38.972  INFO 1525 --- [    Test worker] .s.d.r.c.RepositoryConfigurationDelegate : Finished Spring Data repository scanning in 58 ms. Found 1 MongoDB repository interfaces.
2022-04-14 11:15:39.680  INFO 1525 --- [    Test worker] org.mongodb.driver.cluster               : Cluster created with settings {hosts=[localhost:27017], mode=SINGLE, requiredClusterType=UNKNOWN, serverSelectionTimeout='30000 ms'}
2022-04-14 11:15:40.001  INFO 1525 --- [localhost:27017] org.mongodb.driver.connection            : Opened connection [connectionId{localValue:1, serverValue:39}] to localhost:27017
2022-04-14 11:15:40.007  INFO 1525 --- [localhost:27017] org.mongodb.driver.cluster               : Monitor thread successfully connected to server with description ServerDescription{address=localhost:27017, type=STANDALONE, state=CONNECTED, ok=true, minWireVersion=0, maxWireVersion=7, maxDocumentSize=16777216, logicalSessionTimeoutMinutes=30, roundTripTimeNanos=83859584}
2022-04-14 11:15:40.010  INFO 1525 --- [localhost:27017] org.mongodb.driver.connection            : Opened connection [connectionId{localValue:2, serverValue:38}] to localhost:27017
2022-04-14 11:15:41.568  INFO 1525 --- [    Test worker] c.m.n.MediscreenNoteApiApplicationTests  : Started MediscreenNoteApiApplicationTests in 4.21 seconds (JVM running for 11.737)
]]></system-out>
  <system-err><![CDATA[]]></system-err>
</testsuite>
