<?xml version="1.0" encoding="UTF-8"?>
<testsuite name="com.mediscreen.note.MediscreenNoteServiceTest" tests="1" skipped="0" failures="0" errors="0" timestamp="2022-04-14T09:15:48" hostname="iMac-de-Admin.local" time="0.241">
  <properties/>
  <testcase name="noteServiceTest()" classname="com.mediscreen.note.MediscreenNoteServiceTest" time="0.241"/>
  <system-out><![CDATA[2022-04-14 11:15:48.349  INFO 1525 --- [    Test worker] .b.t.c.SpringBootTestContextBootstrapper : Neither @ContextConfiguration nor @ContextHierarchy found for test class [com.mediscreen.note.MediscreenNoteServiceTest], using SpringBootContextLoader
2022-04-14 11:15:48.350  INFO 1525 --- [    Test worker] o.s.t.c.support.AbstractContextLoader    : Could not detect default resource locations for test class [com.mediscreen.note.MediscreenNoteServiceTest]: no resource found for suffixes {-context.xml, Context.groovy}.
2022-04-14 11:15:48.351  INFO 1525 --- [    Test worker] t.c.s.AnnotationConfigContextLoaderUtils : Could not detect default configuration classes for test class [com.mediscreen.note.MediscreenNoteServiceTest]: MediscreenNoteServiceTest does not declare any static, non-private, non-final, nested classes annotated with @Configuration.
2022-04-14 11:15:48.352  INFO 1525 --- [    Test worker] .b.t.c.SpringBootTestContextBootstrapper : Found @SpringBootConfiguration com.mediscreen.note.MediscreenNoteApiApplication for test class com.mediscreen.note.MediscreenNoteServiceTest
2022-04-14 11:15:48.354  INFO 1525 --- [    Test worker] .b.t.c.SpringBootTestContextBootstrapper : Loaded default TestExecutionListener class names from location [META-INF/spring.factories]: [org.springframework.boot.test.autoconfigure.restdocs.RestDocsTestExecutionListener, org.springframework.boot.test.autoconfigure.web.client.MockRestServiceServerResetTestExecutionListener, org.springframework.boot.test.autoconfigure.web.servlet.MockMvcPrintOnlyOnFailureTestExecutionListener, org.springframework.boot.test.autoconfigure.web.servlet.WebDriverTestExecutionListener, org.springframework.boot.test.autoconfigure.webservices.client.MockWebServiceServerTestExecutionListener, org.springframework.boot.test.mock.mockito.MockitoTestExecutionListener, org.springframework.boot.test.mock.mockito.ResetMocksTestExecutionListener, org.springframework.test.context.web.ServletTestExecutionListener, org.springframework.test.context.support.DirtiesContextBeforeModesTestExecutionListener, org.springframework.test.context.event.ApplicationEventsTestExecutionListener, org.springframework.test.context.support.DependencyInjectionTestExecutionListener, org.springframework.test.context.support.DirtiesContextTestExecutionListener, org.springframework.test.context.transaction.TransactionalTestExecutionListener, org.springframework.test.context.jdbc.SqlScriptsTestExecutionListener, org.springframework.test.context.event.EventPublishingTestExecutionListener]
2022-04-14 11:15:48.355  INFO 1525 --- [    Test worker] .b.t.c.SpringBootTestContextBootstrapper : Using TestExecutionListeners: [org.springframework.test.context.web.ServletTestExecutionListener@53347d48, org.springframework.test.context.support.DirtiesContextBeforeModesTestExecutionListener@23c00c3b, org.springframework.test.context.event.ApplicationEventsTestExecutionListener@44a25091, org.springframework.boot.test.mock.mockito.MockitoTestExecutionListener@586d577a, org.springframework.boot.test.autoconfigure.SpringBootDependencyInjectionTestExecutionListener@28c3bf02, org.springframework.test.context.support.DirtiesContextTestExecutionListener@b41cff5, org.springframework.test.context.transaction.TransactionalTestExecutionListener@5db130d4, org.springframework.test.context.jdbc.SqlScriptsTestExecutionListener@6f557a9f, org.springframework.test.context.event.EventPublishingTestExecutionListener@5a5bf3d8, org.springframework.boot.test.autoconfigure.restdocs.RestDocsTestExecutionListener@5f60b101, org.springframework.boot.test.autoconfigure.web.client.MockRestServiceServerResetTestExecutionListener@b030da9, org.springframework.boot.test.autoconfigure.web.servlet.MockMvcPrintOnlyOnFailureTestExecutionListener@4fc61fd4, org.springframework.boot.test.autoconfigure.web.servlet.WebDriverTestExecutionListener@4a06f0c7, org.springframework.boot.test.autoconfigure.webservices.client.MockWebServiceServerTestExecutionListener@1034b83f, org.springframework.boot.test.mock.mockito.ResetMocksTestExecutionListener@3c991d5]
2022-04-14 11:15:48.468  INFO 1525 --- [    Test worker] org.mongodb.driver.connection            : Opened connection [connectionId{localValue:3, serverValue:40}] to localhost:27017
]]></system-out>
  <system-err><![CDATA[]]></system-err>
</testsuite>
