<?xml version="1.0" encoding="UTF-8"?>
<testsuite name="com.mediscreen.note.MediscreenNoteControllerTest" tests="6" skipped="0" failures="0" errors="0" timestamp="2022-04-22T13:47:47" hostname="iMac-de-Admin.local" time="0.384">
  <properties/>
  <testcase name="testDeleteNotes()" classname="com.mediscreen.note.MediscreenNoteControllerTest" time="0.183"/>
  <testcase name="testGetNotes()" classname="com.mediscreen.note.MediscreenNoteControllerTest" time="0.036"/>
  <testcase name="testGetNote()" classname="com.mediscreen.note.MediscreenNoteControllerTest" time="0.054"/>
  <testcase name="testGetPatientNotes()" classname="com.mediscreen.note.MediscreenNoteControllerTest" time="0.008"/>
  <testcase name="testDeleteNote()" classname="com.mediscreen.note.MediscreenNoteControllerTest" time="0.01"/>
  <testcase name="testCreate()" classname="com.mediscreen.note.MediscreenNoteControllerTest" time="0.082"/>
  <system-out><![CDATA[2022-04-22 15:47:42.021  INFO 1468 --- [    Test worker] .b.t.a.w.s.WebMvcTestContextBootstrapper : Neither @ContextConfiguration nor @ContextHierarchy found for test class [com.mediscreen.note.MediscreenNoteControllerTest], using SpringBootContextLoader
2022-04-22 15:47:42.023  INFO 1468 --- [    Test worker] o.s.t.c.support.AbstractContextLoader    : Could not detect default resource locations for test class [com.mediscreen.note.MediscreenNoteControllerTest]: no resource found for suffixes {-context.xml, Context.groovy}.
2022-04-22 15:47:42.023  INFO 1468 --- [    Test worker] t.c.s.AnnotationConfigContextLoaderUtils : Could not detect default configuration classes for test class [com.mediscreen.note.MediscreenNoteControllerTest]: MediscreenNoteControllerTest does not declare any static, non-private, non-final, nested classes annotated with @Configuration.
2022-04-22 15:47:42.045  INFO 1468 --- [    Test worker] .b.t.c.SpringBootTestContextBootstrapper : Found @SpringBootConfiguration com.mediscreen.note.MediscreenNoteApiApplication for test class com.mediscreen.note.MediscreenNoteControllerTest
2022-04-22 15:47:42.047  INFO 1468 --- [    Test worker] .b.t.a.w.s.WebMvcTestContextBootstrapper : Loaded default TestExecutionListener class names from location [META-INF/spring.factories]: [org.springframework.boot.test.autoconfigure.restdocs.RestDocsTestExecutionListener, org.springframework.boot.test.autoconfigure.web.client.MockRestServiceServerResetTestExecutionListener, org.springframework.boot.test.autoconfigure.web.servlet.MockMvcPrintOnlyOnFailureTestExecutionListener, org.springframework.boot.test.autoconfigure.web.servlet.WebDriverTestExecutionListener, org.springframework.boot.test.autoconfigure.webservices.client.MockWebServiceServerTestExecutionListener, org.springframework.boot.test.mock.mockito.MockitoTestExecutionListener, org.springframework.boot.test.mock.mockito.ResetMocksTestExecutionListener, org.springframework.test.context.web.ServletTestExecutionListener, org.springframework.test.context.support.DirtiesContextBeforeModesTestExecutionListener, org.springframework.test.context.event.ApplicationEventsTestExecutionListener, org.springframework.test.context.support.DependencyInjectionTestExecutionListener, org.springframework.test.context.support.DirtiesContextTestExecutionListener, org.springframework.test.context.transaction.TransactionalTestExecutionListener, org.springframework.test.context.jdbc.SqlScriptsTestExecutionListener, org.springframework.test.context.event.EventPublishingTestExecutionListener]
2022-04-22 15:47:42.047  INFO 1468 --- [    Test worker] .b.t.a.w.s.WebMvcTestContextBootstrapper : Using TestExecutionListeners: [org.springframework.test.context.web.ServletTestExecutionListener@1d0c0049, org.springframework.test.context.support.DirtiesContextBeforeModesTestExecutionListener@1f881576, org.springframework.test.context.event.ApplicationEventsTestExecutionListener@1ea5f0de, org.springframework.boot.test.mock.mockito.MockitoTestExecutionListener@4e8087c9, org.springframework.boot.test.autoconfigure.SpringBootDependencyInjectionTestExecutionListener@33f3c818, org.springframework.test.context.support.DirtiesContextTestExecutionListener@6c8f48b5, org.springframework.test.context.transaction.TransactionalTestExecutionListener@5d9d66fa, org.springframework.test.context.jdbc.SqlScriptsTestExecutionListener@17691c4f, org.springframework.test.context.event.EventPublishingTestExecutionListener@3a77a5b2, org.springframework.boot.test.autoconfigure.restdocs.RestDocsTestExecutionListener@2cab98a9, org.springframework.boot.test.autoconfigure.web.client.MockRestServiceServerResetTestExecutionListener@1ab79170, org.springframework.boot.test.autoconfigure.web.servlet.MockMvcPrintOnlyOnFailureTestExecutionListener@45637d0d, org.springframework.boot.test.autoconfigure.web.servlet.WebDriverTestExecutionListener@423e1a26, org.springframework.boot.test.autoconfigure.webservices.client.MockWebServiceServerTestExecutionListener@32a0ac18, org.springframework.boot.test.mock.mockito.ResetMocksTestExecutionListener@143a972d]

  .   ____          _            __ _ _
 /\\ / ___'_ __ _ _(_)_ __  __ _ \ \ \ \
( ( )\___ | '_ | '_| | '_ \/ _` | \ \ \ \
 \\/  ___)| |_)| | | | | || (_| |  ) ) ) )
  '  |____| .__|_| |_|_| |_\__, | / / / /
 =========|_|==============|___/=/_/_/_/
 :: Spring Boot ::                (v2.6.3)

2022-04-22 15:47:47.094  INFO 1468 --- [    Test worker] c.m.note.MediscreenNoteControllerTest    : Starting MediscreenNoteControllerTest using Java 11.0.9.1 on iMac-de-Admin.local with PID 1468 (started by mac in /Users/mac/Desktop/OC/eclipse-workplace/MediscreenNoteAPI)
2022-04-22 15:47:47.094  INFO 1468 --- [    Test worker] c.m.note.MediscreenNoteControllerTest    : No active profile set, falling back to default profiles: default
2022-04-22 15:47:47.826  INFO 1468 --- [    Test worker] o.s.b.t.m.w.SpringBootMockServletContext : Initializing Spring TestDispatcherServlet ''
2022-04-22 15:47:47.826  INFO 1468 --- [    Test worker] o.s.t.web.servlet.TestDispatcherServlet  : Initializing Servlet ''
2022-04-22 15:47:47.827  INFO 1468 --- [    Test worker] o.s.t.web.servlet.TestDispatcherServlet  : Completed initialization in 1 ms
2022-04-22 15:47:47.845  INFO 1468 --- [    Test worker] c.m.note.MediscreenNoteControllerTest    : Started MediscreenNoteControllerTest in 5.794 seconds (JVM running for 18.257)
]]></system-out>
  <system-err><![CDATA[]]></system-err>
</testsuite>
